
> frontend@0.0.0 build
> vite build

[33mThe CJS build of Vite's Node API is deprecated. See https://vite.dev/guide/troubleshooting.html#vite-cjs-node-api-deprecated for more details.[39m
[36mvite v6.2.5 [32mbuilding for production...[36m[39m
transforming...

/laptop-mockup.png referenced in /laptop-mockup.png didn't resolve at build time, it will remain unchanged to be resolved at runtime
[32m✓[39m 124 modules transformed.
[31m✗[39m Build failed in 2.23s
[31merror during build:
[31msrc/App.jsx (11:7): "default" is not exported by "src/pages/ForgotPasswordPage.jsx", imported by "src/App.jsx".[31m
file: [36mC:/Users/welcome/Desktop/S64_Samragyi_Capstone_SkinGenie/frontend/src/App.jsx:11:7[31m
[33m
 9: import LoginPage from './pages/LoginPage';
10: import SignupPage from './pages/SignupPage';
11: import ForgotPasswordPage from './pages/ForgotPasswordPage';
           ^
12: import ResetPasswordPage from './pages/ResetPasswordPage';
13: import QuizIntroPage from './pages/QuizIntroPage';
[31m
    at getRollupError (file:///C:/Users/welcome/Desktop/S64_Samragyi_Capstone_SkinGenie/frontend/node_modules/rollup/dist/es/shared/parseAst.js:397:41)
    at error (file:///C:/Users/welcome/Desktop/S64_Samragyi_Capstone_SkinGenie/frontend/node_modules/rollup/dist/es/shared/parseAst.js:393:42)
    at Module.error (file:///C:/Users/welcome/Desktop/S64_Samragyi_Capstone_SkinGenie/frontend/node_modules/rollup/dist/es/shared/node-entry.js:16711:16)
    at Module.traceVariable (file:///C:/Users/welcome/Desktop/S64_Samragyi_Capstone_SkinGenie/frontend/node_modules/rollup/dist/es/shared/node-entry.js:17160:29)
    at ModuleScope.findVariable (file:///C:/Users/welcome/Desktop/S64_Samragyi_Capstone_SkinGenie/frontend/node_modules/rollup/dist/es/shared/node-entry.js:14816:39)
    at FunctionScope.findVariable (file:///C:/Users/welcome/Desktop/S64_Samragyi_Capstone_SkinGenie/frontend/node_modules/rollup/dist/es/shared/node-entry.js:5582:38)
    at FunctionBodyScope.findVariable (file:///C:/Users/welcome/Desktop/S64_Samragyi_Capstone_SkinGenie/frontend/node_modules/rollup/dist/es/shared/node-entry.js:5582:38)
    at Identifier.bind (file:///C:/Users/welcome/Desktop/S64_Samragyi_Capstone_SkinGenie/frontend/node_modules/rollup/dist/es/shared/node-entry.js:5356:40)
    at CallExpression.bind (file:///C:/Users/welcome/Desktop/S64_Samragyi_Capstone_SkinGenie/frontend/node_modules/rollup/dist/es/shared/node-entry.js:2779:28)
    at CallExpression.bind (file:///C:/Users/welcome/Desktop/S64_Samragyi_Capstone_SkinGenie/frontend/node_modules/rollup/dist/es/shared/node-entry.js:11928:15)[39m
